The system is: Darwin - 18.7.0 - x86_64
Compiling the C compiler identification source file "CMakeCCompilerId.c" succeeded.
Compiler: /Applications/Xcode.app/Contents/Developer/Toolchains/XcodeDefault.xctoolchain/usr/bin/cc 
Build flags: 
Id flags:  

The output was:
0


Compilation of the C compiler identification source "CMakeCCompilerId.c" produced "a.out"

The C compiler identification is AppleClang, found in "/Users/vincentsit/Documents/GitHub/libx265-android/x265/build/android/x86_64/CMakeFiles/3.16.1/CompilerIdC/a.out"

Compiling the CXX compiler identification source file "CMakeCXXCompilerId.cpp" succeeded.
Compiler: /Applications/Xcode.app/Contents/Developer/Toolchains/XcodeDefault.xctoolchain/usr/bin/c++ 
Build flags: 
Id flags:  

The output was:
0


Compilation of the CXX compiler identification source "CMakeCXXCompilerId.cpp" produced "a.out"

The CXX compiler identification is AppleClang, found in "/Users/vincentsit/Documents/GitHub/libx265-android/x265/build/android/x86_64/CMakeFiles/3.16.1/CompilerIdCXX/a.out"

Determining if the C compiler works passed with the following output:
Change Dir: /Users/vincentsit/Documents/GitHub/libx265-android/x265/build/android/x86_64/CMakeFiles/CMakeTmp

Run Build Command(s):/usr/bin/make cmTC_0436c/fast && /Applications/Xcode.app/Contents/Developer/usr/bin/make -f CMakeFiles/cmTC_0436c.dir/build.make CMakeFiles/cmTC_0436c.dir/build
Building C object CMakeFiles/cmTC_0436c.dir/testCCompiler.c.o
/Applications/Xcode.app/Contents/Developer/Toolchains/XcodeDefault.xctoolchain/usr/bin/cc    -o CMakeFiles/cmTC_0436c.dir/testCCompiler.c.o   -c /Users/vincentsit/Documents/GitHub/libx265-android/x265/build/android/x86_64/CMakeFiles/CMakeTmp/testCCompiler.c
Linking C executable cmTC_0436c
/usr/local/Cellar/cmake/3.16.1/bin/cmake -E cmake_link_script CMakeFiles/cmTC_0436c.dir/link.txt --verbose=1
/Applications/Xcode.app/Contents/Developer/Toolchains/XcodeDefault.xctoolchain/usr/bin/cc   -Wl,-search_paths_first -Wl,-headerpad_max_install_names -L/usr/local/opt/icu4c/lib -L/usr/local/opt/llvm/lib -L/usr/local/opt/llvm/lib -Wl,-rpath,/usr/local/opt/llvm/lib -L/usr/local/opt/libffi/lib -L/usr/local/opt/readline/lib -L/usr/local/opt/sqlite/lib  CMakeFiles/cmTC_0436c.dir/testCCompiler.c.o  -o cmTC_0436c 



Detecting C compiler ABI info compiled with the following output:
Change Dir: /Users/vincentsit/Documents/GitHub/libx265-android/x265/build/android/x86_64/CMakeFiles/CMakeTmp

Run Build Command(s):/usr/bin/make cmTC_7df6b/fast && /Applications/Xcode.app/Contents/Developer/usr/bin/make -f CMakeFiles/cmTC_7df6b.dir/build.make CMakeFiles/cmTC_7df6b.dir/build
Building C object CMakeFiles/cmTC_7df6b.dir/CMakeCCompilerABI.c.o
/Applications/Xcode.app/Contents/Developer/Toolchains/XcodeDefault.xctoolchain/usr/bin/cc   -v -Wl,-v -o CMakeFiles/cmTC_7df6b.dir/CMakeCCompilerABI.c.o   -c /usr/local/Cellar/cmake/3.16.1/share/cmake/Modules/CMakeCCompilerABI.c
Apple clang version 11.0.0 (clang-1100.0.33.12)
Target: x86_64-apple-darwin18.7.0
Thread model: posix
InstalledDir: /Applications/Xcode.app/Contents/Developer/Toolchains/XcodeDefault.xctoolchain/usr/bin
clang: warning: -Wl,-v: 'linker' input unused [-Wunused-command-line-argument]
 "/Applications/Xcode.app/Contents/Developer/Toolchains/XcodeDefault.xctoolchain/usr/bin/clang" -cc1 -triple x86_64-apple-macosx10.14.0 -Wdeprecated-objc-isa-usage -Werror=deprecated-objc-isa-usage -emit-obj -mrelax-all -disable-free -disable-llvm-verifier -discard-value-names -main-file-name CMakeCCompilerABI.c -mrelocation-model pic -pic-level 2 -mthread-model posix -mdisable-fp-elim -fno-strict-return -masm-verbose -munwind-tables -target-cpu penryn -dwarf-column-info -debugger-tuning=lldb -ggnu-pubnames -target-linker-version 520 -v -coverage-notes-file /Users/vincentsit/Documents/GitHub/libx265-android/x265/build/android/x86_64/CMakeFiles/CMakeTmp/CMakeFiles/cmTC_7df6b.dir/CMakeCCompilerABI.c.gcno -resource-dir /Applications/Xcode.app/Contents/Developer/Toolchains/XcodeDefault.xctoolchain/usr/lib/clang/11.0.0 -Wno-framework-include-private-from-public -Wno-atimport-in-framework-header -Wno-extra-semi-stmt -Wno-quoted-include-in-framework-header -fdebug-compilation-dir /Users/vincentsit/Documents/GitHub/libx265-android/x265/build/android/x86_64/CMakeFiles/CMakeTmp -ferror-limit 19 -fmessage-length 0 -stack-protector 1 -mdarwin-stkchk-strong-link -fblocks -fencode-extended-block-signature -fregister-global-dtors-with-atexit -fobjc-runtime=macosx-10.14.0 -fmax-type-align=16 -fdiagnostics-show-option -o CMakeFiles/cmTC_7df6b.dir/CMakeCCompilerABI.c.o -x c /usr/local/Cellar/cmake/3.16.1/share/cmake/Modules/CMakeCCompilerABI.c
clang -cc1 version 11.0.0 (clang-1100.0.33.12) default target x86_64-apple-darwin18.7.0
#include "..." search starts here:
#include <...> search starts here:
 /usr/local/include
 /Applications/Xcode.app/Contents/Developer/Toolchains/XcodeDefault.xctoolchain/usr/lib/clang/11.0.0/include
 /Applications/Xcode.app/Contents/Developer/Toolchains/XcodeDefault.xctoolchain/usr/include
 /usr/include
 /System/Library/Frameworks (framework directory)
 /Library/Frameworks (framework directory)
End of search list.
Linking C executable cmTC_7df6b
/usr/local/Cellar/cmake/3.16.1/bin/cmake -E cmake_link_script CMakeFiles/cmTC_7df6b.dir/link.txt --verbose=1
/Applications/Xcode.app/Contents/Developer/Toolchains/XcodeDefault.xctoolchain/usr/bin/cc   -Wl,-search_paths_first -Wl,-headerpad_max_install_names -L/usr/local/opt/icu4c/lib -L/usr/local/opt/llvm/lib -L/usr/local/opt/llvm/lib -Wl,-rpath,/usr/local/opt/llvm/lib -L/usr/local/opt/libffi/lib -L/usr/local/opt/readline/lib -L/usr/local/opt/sqlite/lib -v -Wl,-v CMakeFiles/cmTC_7df6b.dir/CMakeCCompilerABI.c.o  -o cmTC_7df6b 
Apple clang version 11.0.0 (clang-1100.0.33.12)
Target: x86_64-apple-darwin18.7.0
Thread model: posix
InstalledDir: /Applications/Xcode.app/Contents/Developer/Toolchains/XcodeDefault.xctoolchain/usr/bin
 "/Applications/Xcode.app/Contents/Developer/Toolchains/XcodeDefault.xctoolchain/usr/bin/ld" -demangle -lto_library /Applications/Xcode.app/Contents/Developer/Toolchains/XcodeDefault.xctoolchain/usr/lib/libLTO.dylib -dynamic -arch x86_64 -macosx_version_min 10.14.0 -o cmTC_7df6b -L/usr/local/opt/icu4c/lib -L/usr/local/opt/llvm/lib -L/usr/local/opt/llvm/lib -L/usr/local/opt/libffi/lib -L/usr/local/opt/readline/lib -L/usr/local/opt/sqlite/lib -search_paths_first -headerpad_max_install_names -rpath /usr/local/opt/llvm/lib -v CMakeFiles/cmTC_7df6b.dir/CMakeCCompilerABI.c.o -lSystem /Applications/Xcode.app/Contents/Developer/Toolchains/XcodeDefault.xctoolchain/usr/lib/clang/11.0.0/lib/darwin/libclang_rt.osx.a
@(#)PROGRAM:ld  PROJECT:ld64-520
BUILD 18:38:01 Oct 11 2019
configured to support archs: armv6 armv7 armv7s arm64 arm64e arm64_32 i386 x86_64 x86_64h armv6m armv7k armv7m armv7em
Library search paths:
	/usr/local/opt/icu4c/lib
	/usr/local/opt/llvm/lib
	/usr/local/opt/llvm/lib
	/usr/local/opt/libffi/lib
	/usr/local/opt/readline/lib
	/usr/local/opt/sqlite/lib
	/usr/lib
	/usr/local/lib
Framework search paths:
	/Library/Frameworks/
	/System/Library/Frameworks/



Parsed C implicit include dir info from above output: rv=done
  found start of include info
  found start of implicit include info
    add: [/usr/local/include]
    add: [/Applications/Xcode.app/Contents/Developer/Toolchains/XcodeDefault.xctoolchain/usr/lib/clang/11.0.0/include]
    add: [/Applications/Xcode.app/Contents/Developer/Toolchains/XcodeDefault.xctoolchain/usr/include]
    add: [/usr/include]
  end of search list found
  collapse include dir [/usr/local/include] ==> [/usr/local/include]
  collapse include dir [/Applications/Xcode.app/Contents/Developer/Toolchains/XcodeDefault.xctoolchain/usr/lib/clang/11.0.0/include] ==> [/Applications/Xcode.app/Contents/Developer/Toolchains/XcodeDefault.xctoolchain/usr/lib/clang/11.0.0/include]
  collapse include dir [/Applications/Xcode.app/Contents/Developer/Toolchains/XcodeDefault.xctoolchain/usr/include] ==> [/Applications/Xcode.app/Contents/Developer/Toolchains/XcodeDefault.xctoolchain/usr/include]
  collapse include dir [/usr/include] ==> [/usr/include]
  implicit include dirs: [/usr/local/include;/Applications/Xcode.app/Contents/Developer/Toolchains/XcodeDefault.xctoolchain/usr/lib/clang/11.0.0/include;/Applications/Xcode.app/Contents/Developer/Toolchains/XcodeDefault.xctoolchain/usr/include;/usr/include]


Parsed C implicit link information from above output:
  link line regex: [^( *|.*[/\])(ld|CMAKE_LINK_STARTFILE-NOTFOUND|([^/\]+-)?ld|collect2)[^/\]*( |$)]
  ignore line: [Change Dir: /Users/vincentsit/Documents/GitHub/libx265-android/x265/build/android/x86_64/CMakeFiles/CMakeTmp]
  ignore line: []
  ignore line: [Run Build Command(s):/usr/bin/make cmTC_7df6b/fast && /Applications/Xcode.app/Contents/Developer/usr/bin/make -f CMakeFiles/cmTC_7df6b.dir/build.make CMakeFiles/cmTC_7df6b.dir/build]
  ignore line: [Building C object CMakeFiles/cmTC_7df6b.dir/CMakeCCompilerABI.c.o]
  ignore line: [/Applications/Xcode.app/Contents/Developer/Toolchains/XcodeDefault.xctoolchain/usr/bin/cc   -v -Wl -v -o CMakeFiles/cmTC_7df6b.dir/CMakeCCompilerABI.c.o   -c /usr/local/Cellar/cmake/3.16.1/share/cmake/Modules/CMakeCCompilerABI.c]
  ignore line: [Apple clang version 11.0.0 (clang-1100.0.33.12)]
  ignore line: [Target: x86_64-apple-darwin18.7.0]
  ignore line: [Thread model: posix]
  ignore line: [InstalledDir: /Applications/Xcode.app/Contents/Developer/Toolchains/XcodeDefault.xctoolchain/usr/bin]
  ignore line: [clang: warning: -Wl -v: 'linker' input unused [-Wunused-command-line-argument]]
  ignore line: [ "/Applications/Xcode.app/Contents/Developer/Toolchains/XcodeDefault.xctoolchain/usr/bin/clang" -cc1 -triple x86_64-apple-macosx10.14.0 -Wdeprecated-objc-isa-usage -Werror=deprecated-objc-isa-usage -emit-obj -mrelax-all -disable-free -disable-llvm-verifier -discard-value-names -main-file-name CMakeCCompilerABI.c -mrelocation-model pic -pic-level 2 -mthread-model posix -mdisable-fp-elim -fno-strict-return -masm-verbose -munwind-tables -target-cpu penryn -dwarf-column-info -debugger-tuning=lldb -ggnu-pubnames -target-linker-version 520 -v -coverage-notes-file /Users/vincentsit/Documents/GitHub/libx265-android/x265/build/android/x86_64/CMakeFiles/CMakeTmp/CMakeFiles/cmTC_7df6b.dir/CMakeCCompilerABI.c.gcno -resource-dir /Applications/Xcode.app/Contents/Developer/Toolchains/XcodeDefault.xctoolchain/usr/lib/clang/11.0.0 -Wno-framework-include-private-from-public -Wno-atimport-in-framework-header -Wno-extra-semi-stmt -Wno-quoted-include-in-framework-header -fdebug-compilation-dir /Users/vincentsit/Documents/GitHub/libx265-android/x265/build/android/x86_64/CMakeFiles/CMakeTmp -ferror-limit 19 -fmessage-length 0 -stack-protector 1 -mdarwin-stkchk-strong-link -fblocks -fencode-extended-block-signature -fregister-global-dtors-with-atexit -fobjc-runtime=macosx-10.14.0 -fmax-type-align=16 -fdiagnostics-show-option -o CMakeFiles/cmTC_7df6b.dir/CMakeCCompilerABI.c.o -x c /usr/local/Cellar/cmake/3.16.1/share/cmake/Modules/CMakeCCompilerABI.c]
  ignore line: [clang -cc1 version 11.0.0 (clang-1100.0.33.12) default target x86_64-apple-darwin18.7.0]
  ignore line: [#include "..." search starts here:]
  ignore line: [#include <...> search starts here:]
  ignore line: [ /usr/local/include]
  ignore line: [ /Applications/Xcode.app/Contents/Developer/Toolchains/XcodeDefault.xctoolchain/usr/lib/clang/11.0.0/include]
  ignore line: [ /Applications/Xcode.app/Contents/Developer/Toolchains/XcodeDefault.xctoolchain/usr/include]
  ignore line: [ /usr/include]
  ignore line: [ /System/Library/Frameworks (framework directory)]
  ignore line: [ /Library/Frameworks (framework directory)]
  ignore line: [End of search list.]
  ignore line: [Linking C executable cmTC_7df6b]
  ignore line: [/usr/local/Cellar/cmake/3.16.1/bin/cmake -E cmake_link_script CMakeFiles/cmTC_7df6b.dir/link.txt --verbose=1]
  ignore line: [/Applications/Xcode.app/Contents/Developer/Toolchains/XcodeDefault.xctoolchain/usr/bin/cc   -Wl -search_paths_first -Wl -headerpad_max_install_names -L/usr/local/opt/icu4c/lib -L/usr/local/opt/llvm/lib -L/usr/local/opt/llvm/lib -Wl -rpath /usr/local/opt/llvm/lib -L/usr/local/opt/libffi/lib -L/usr/local/opt/readline/lib -L/usr/local/opt/sqlite/lib -v -Wl -v CMakeFiles/cmTC_7df6b.dir/CMakeCCompilerABI.c.o  -o cmTC_7df6b ]
  ignore line: [Apple clang version 11.0.0 (clang-1100.0.33.12)]
  ignore line: [Target: x86_64-apple-darwin18.7.0]
  ignore line: [Thread model: posix]
  ignore line: [InstalledDir: /Applications/Xcode.app/Contents/Developer/Toolchains/XcodeDefault.xctoolchain/usr/bin]
  link line: [ "/Applications/Xcode.app/Contents/Developer/Toolchains/XcodeDefault.xctoolchain/usr/bin/ld" -demangle -lto_library /Applications/Xcode.app/Contents/Developer/Toolchains/XcodeDefault.xctoolchain/usr/lib/libLTO.dylib -dynamic -arch x86_64 -macosx_version_min 10.14.0 -o cmTC_7df6b -L/usr/local/opt/icu4c/lib -L/usr/local/opt/llvm/lib -L/usr/local/opt/llvm/lib -L/usr/local/opt/libffi/lib -L/usr/local/opt/readline/lib -L/usr/local/opt/sqlite/lib -search_paths_first -headerpad_max_install_names -rpath /usr/local/opt/llvm/lib -v CMakeFiles/cmTC_7df6b.dir/CMakeCCompilerABI.c.o -lSystem /Applications/Xcode.app/Contents/Developer/Toolchains/XcodeDefault.xctoolchain/usr/lib/clang/11.0.0/lib/darwin/libclang_rt.osx.a]
    arg [/Applications/Xcode.app/Contents/Developer/Toolchains/XcodeDefault.xctoolchain/usr/bin/ld] ==> ignore
    arg [-demangle] ==> ignore
    arg [-lto_library] ==> ignore, skip following value
    arg [/Applications/Xcode.app/Contents/Developer/Toolchains/XcodeDefault.xctoolchain/usr/lib/libLTO.dylib] ==> skip value of -lto_library
    arg [-dynamic] ==> ignore
    arg [-arch] ==> ignore
    arg [x86_64] ==> ignore
    arg [-macosx_version_min] ==> ignore
    arg [10.14.0] ==> ignore
    arg [-o] ==> ignore
    arg [cmTC_7df6b] ==> ignore
    arg [-L/usr/local/opt/icu4c/lib] ==> dir [/usr/local/opt/icu4c/lib]
    arg [-L/usr/local/opt/llvm/lib] ==> dir [/usr/local/opt/llvm/lib]
    arg [-L/usr/local/opt/llvm/lib] ==> dir [/usr/local/opt/llvm/lib]
    arg [-L/usr/local/opt/libffi/lib] ==> dir [/usr/local/opt/libffi/lib]
    arg [-L/usr/local/opt/readline/lib] ==> dir [/usr/local/opt/readline/lib]
    arg [-L/usr/local/opt/sqlite/lib] ==> dir [/usr/local/opt/sqlite/lib]
    arg [-search_paths_first] ==> ignore
    arg [-headerpad_max_install_names] ==> ignore
    arg [-rpath] ==> ignore
    arg [/usr/local/opt/llvm/lib] ==> ignore
    arg [-v] ==> ignore
    arg [CMakeFiles/cmTC_7df6b.dir/CMakeCCompilerABI.c.o] ==> ignore
    arg [-lSystem] ==> lib [System]
    arg [/Applications/Xcode.app/Contents/Developer/Toolchains/XcodeDefault.xctoolchain/usr/lib/clang/11.0.0/lib/darwin/libclang_rt.osx.a] ==> lib [/Applications/Xcode.app/Contents/Developer/Toolchains/XcodeDefault.xctoolchain/usr/lib/clang/11.0.0/lib/darwin/libclang_rt.osx.a]
  Library search paths: [;/usr/local/opt/icu4c/lib;/usr/local/opt/llvm/lib;/usr/local/opt/llvm/lib;/usr/local/opt/libffi/lib;/usr/local/opt/readline/lib;/usr/local/opt/sqlite/lib;/usr/lib;/usr/local/lib]
  Framework search paths: [;/Library/Frameworks/;/System/Library/Frameworks/]
  remove lib [System]
  remove lib [/Applications/Xcode.app/Contents/Developer/Toolchains/XcodeDefault.xctoolchain/usr/lib/clang/11.0.0/lib/darwin/libclang_rt.osx.a]
  collapse library dir [/usr/local/opt/icu4c/lib] ==> [/usr/local/opt/icu4c/lib]
  collapse library dir [/usr/local/opt/llvm/lib] ==> [/usr/local/opt/llvm/lib]
  collapse library dir [/usr/local/opt/llvm/lib] ==> [/usr/local/opt/llvm/lib]
  collapse library dir [/usr/local/opt/libffi/lib] ==> [/usr/local/opt/libffi/lib]
  collapse library dir [/usr/local/opt/readline/lib] ==> [/usr/local/opt/readline/lib]
  collapse library dir [/usr/local/opt/sqlite/lib] ==> [/usr/local/opt/sqlite/lib]
  collapse library dir [/usr/local/opt/icu4c/lib] ==> [/usr/local/opt/icu4c/lib]
  collapse library dir [/usr/local/opt/llvm/lib] ==> [/usr/local/opt/llvm/lib]
  collapse library dir [/usr/local/opt/llvm/lib] ==> [/usr/local/opt/llvm/lib]
  collapse library dir [/usr/local/opt/libffi/lib] ==> [/usr/local/opt/libffi/lib]
  collapse library dir [/usr/local/opt/readline/lib] ==> [/usr/local/opt/readline/lib]
  collapse library dir [/usr/local/opt/sqlite/lib] ==> [/usr/local/opt/sqlite/lib]
  collapse library dir [/usr/lib] ==> [/usr/lib]
  collapse library dir [/usr/local/lib] ==> [/usr/local/lib]
  collapse framework dir [/Library/Frameworks/] ==> [/Library/Frameworks]
  collapse framework dir [/System/Library/Frameworks/] ==> [/System/Library/Frameworks]
  implicit libs: []
  implicit dirs: [/usr/local/opt/icu4c/lib;/usr/local/opt/llvm/lib;/usr/local/opt/libffi/lib;/usr/local/opt/readline/lib;/usr/local/opt/sqlite/lib;/usr/lib;/usr/local/lib]
  implicit fwks: [/Library/Frameworks;/System/Library/Frameworks]


Determining if the CXX compiler works passed with the following output:
Change Dir: /Users/vincentsit/Documents/GitHub/libx265-android/x265/build/android/x86_64/CMakeFiles/CMakeTmp

Run Build Command(s):/usr/bin/make cmTC_e877f/fast && /Applications/Xcode.app/Contents/Developer/usr/bin/make -f CMakeFiles/cmTC_e877f.dir/build.make CMakeFiles/cmTC_e877f.dir/build
Building CXX object CMakeFiles/cmTC_e877f.dir/testCXXCompiler.cxx.o
/Applications/Xcode.app/Contents/Developer/Toolchains/XcodeDefault.xctoolchain/usr/bin/c++     -o CMakeFiles/cmTC_e877f.dir/testCXXCompiler.cxx.o -c /Users/vincentsit/Documents/GitHub/libx265-android/x265/build/android/x86_64/CMakeFiles/CMakeTmp/testCXXCompiler.cxx
Linking CXX executable cmTC_e877f
/usr/local/Cellar/cmake/3.16.1/bin/cmake -E cmake_link_script CMakeFiles/cmTC_e877f.dir/link.txt --verbose=1
/Applications/Xcode.app/Contents/Developer/Toolchains/XcodeDefault.xctoolchain/usr/bin/c++    -Wl,-search_paths_first -Wl,-headerpad_max_install_names -L/usr/local/opt/icu4c/lib -L/usr/local/opt/llvm/lib -L/usr/local/opt/llvm/lib -Wl,-rpath,/usr/local/opt/llvm/lib -L/usr/local/opt/libffi/lib -L/usr/local/opt/readline/lib -L/usr/local/opt/sqlite/lib  CMakeFiles/cmTC_e877f.dir/testCXXCompiler.cxx.o  -o cmTC_e877f 



Detecting CXX compiler ABI info compiled with the following output:
Change Dir: /Users/vincentsit/Documents/GitHub/libx265-android/x265/build/android/x86_64/CMakeFiles/CMakeTmp

Run Build Command(s):/usr/bin/make cmTC_242ff/fast && /Applications/Xcode.app/Contents/Developer/usr/bin/make -f CMakeFiles/cmTC_242ff.dir/build.make CMakeFiles/cmTC_242ff.dir/build
Building CXX object CMakeFiles/cmTC_242ff.dir/CMakeCXXCompilerABI.cpp.o
/Applications/Xcode.app/Contents/Developer/Toolchains/XcodeDefault.xctoolchain/usr/bin/c++    -v -Wl,-v -o CMakeFiles/cmTC_242ff.dir/CMakeCXXCompilerABI.cpp.o -c /usr/local/Cellar/cmake/3.16.1/share/cmake/Modules/CMakeCXXCompilerABI.cpp
Apple clang version 11.0.0 (clang-1100.0.33.12)
Target: x86_64-apple-darwin18.7.0
Thread model: posix
InstalledDir: /Applications/Xcode.app/Contents/Developer/Toolchains/XcodeDefault.xctoolchain/usr/bin
clang: warning: -Wl,-v: 'linker' input unused [-Wunused-command-line-argument]
 "/Applications/Xcode.app/Contents/Developer/Toolchains/XcodeDefault.xctoolchain/usr/bin/clang" -cc1 -triple x86_64-apple-macosx10.14.0 -Wdeprecated-objc-isa-usage -Werror=deprecated-objc-isa-usage -emit-obj -mrelax-all -disable-free -disable-llvm-verifier -discard-value-names -main-file-name CMakeCXXCompilerABI.cpp -mrelocation-model pic -pic-level 2 -mthread-model posix -mdisable-fp-elim -fno-strict-return -masm-verbose -munwind-tables -target-cpu penryn -dwarf-column-info -debugger-tuning=lldb -ggnu-pubnames -target-linker-version 520 -v -coverage-notes-file /Users/vincentsit/Documents/GitHub/libx265-android/x265/build/android/x86_64/CMakeFiles/CMakeTmp/CMakeFiles/cmTC_242ff.dir/CMakeCXXCompilerABI.cpp.gcno -resource-dir /Applications/Xcode.app/Contents/Developer/Toolchains/XcodeDefault.xctoolchain/usr/lib/clang/11.0.0 -stdlib=libc++ -internal-isystem /Applications/Xcode.app/Contents/Developer/Toolchains/XcodeDefault.xctoolchain/usr/bin/../include/c++/v1 -Wno-framework-include-private-from-public -Wno-atimport-in-framework-header -Wno-extra-semi-stmt -Wno-quoted-include-in-framework-header -fdeprecated-macro -fdebug-compilation-dir /Users/vincentsit/Documents/GitHub/libx265-android/x265/build/android/x86_64/CMakeFiles/CMakeTmp -ferror-limit 19 -fmessage-length 0 -stack-protector 1 -mdarwin-stkchk-strong-link -fblocks -fencode-extended-block-signature -fregister-global-dtors-with-atexit -fobjc-runtime=macosx-10.14.0 -fcxx-exceptions -fexceptions -fmax-type-align=16 -fdiagnostics-show-option -o CMakeFiles/cmTC_242ff.dir/CMakeCXXCompilerABI.cpp.o -x c++ /usr/local/Cellar/cmake/3.16.1/share/cmake/Modules/CMakeCXXCompilerABI.cpp
clang -cc1 version 11.0.0 (clang-1100.0.33.12) default target x86_64-apple-darwin18.7.0
ignoring nonexistent directory "/usr/include/c++/v1"
#include "..." search starts here:
#include <...> search starts here:
 /Applications/Xcode.app/Contents/Developer/Toolchains/XcodeDefault.xctoolchain/usr/bin/../include/c++/v1
 /usr/local/include
 /Applications/Xcode.app/Contents/Developer/Toolchains/XcodeDefault.xctoolchain/usr/lib/clang/11.0.0/include
 /Applications/Xcode.app/Contents/Developer/Toolchains/XcodeDefault.xctoolchain/usr/include
 /usr/include
 /System/Library/Frameworks (framework directory)
 /Library/Frameworks (framework directory)
End of search list.
Linking CXX executable cmTC_242ff
/usr/local/Cellar/cmake/3.16.1/bin/cmake -E cmake_link_script CMakeFiles/cmTC_242ff.dir/link.txt --verbose=1
/Applications/Xcode.app/Contents/Developer/Toolchains/XcodeDefault.xctoolchain/usr/bin/c++    -Wl,-search_paths_first -Wl,-headerpad_max_install_names -L/usr/local/opt/icu4c/lib -L/usr/local/opt/llvm/lib -L/usr/local/opt/llvm/lib -Wl,-rpath,/usr/local/opt/llvm/lib -L/usr/local/opt/libffi/lib -L/usr/local/opt/readline/lib -L/usr/local/opt/sqlite/lib -v -Wl,-v CMakeFiles/cmTC_242ff.dir/CMakeCXXCompilerABI.cpp.o  -o cmTC_242ff 
Apple clang version 11.0.0 (clang-1100.0.33.12)
Target: x86_64-apple-darwin18.7.0
Thread model: posix
InstalledDir: /Applications/Xcode.app/Contents/Developer/Toolchains/XcodeDefault.xctoolchain/usr/bin
 "/Applications/Xcode.app/Contents/Developer/Toolchains/XcodeDefault.xctoolchain/usr/bin/ld" -demangle -lto_library /Applications/Xcode.app/Contents/Developer/Toolchains/XcodeDefault.xctoolchain/usr/lib/libLTO.dylib -dynamic -arch x86_64 -macosx_version_min 10.14.0 -o cmTC_242ff -L/usr/local/opt/icu4c/lib -L/usr/local/opt/llvm/lib -L/usr/local/opt/llvm/lib -L/usr/local/opt/libffi/lib -L/usr/local/opt/readline/lib -L/usr/local/opt/sqlite/lib -search_paths_first -headerpad_max_install_names -rpath /usr/local/opt/llvm/lib -v CMakeFiles/cmTC_242ff.dir/CMakeCXXCompilerABI.cpp.o -lc++ -lSystem /Applications/Xcode.app/Contents/Developer/Toolchains/XcodeDefault.xctoolchain/usr/lib/clang/11.0.0/lib/darwin/libclang_rt.osx.a
@(#)PROGRAM:ld  PROJECT:ld64-520
BUILD 18:38:01 Oct 11 2019
configured to support archs: armv6 armv7 armv7s arm64 arm64e arm64_32 i386 x86_64 x86_64h armv6m armv7k armv7m armv7em
Library search paths:
	/usr/local/opt/icu4c/lib
	/usr/local/opt/llvm/lib
	/usr/local/opt/llvm/lib
	/usr/local/opt/libffi/lib
	/usr/local/opt/readline/lib
	/usr/local/opt/sqlite/lib
	/usr/lib
	/usr/local/lib
Framework search paths:
	/Library/Frameworks/
	/System/Library/Frameworks/



Parsed CXX implicit include dir info from above output: rv=done
  found start of include info
  found start of implicit include info
    add: [/Applications/Xcode.app/Contents/Developer/Toolchains/XcodeDefault.xctoolchain/usr/bin/../include/c++/v1]
    add: [/usr/local/include]
    add: [/Applications/Xcode.app/Contents/Developer/Toolchains/XcodeDefault.xctoolchain/usr/lib/clang/11.0.0/include]
    add: [/Applications/Xcode.app/Contents/Developer/Toolchains/XcodeDefault.xctoolchain/usr/include]
    add: [/usr/include]
  end of search list found
  collapse include dir [/Applications/Xcode.app/Contents/Developer/Toolchains/XcodeDefault.xctoolchain/usr/bin/../include/c++/v1] ==> [/Applications/Xcode.app/Contents/Developer/Toolchains/XcodeDefault.xctoolchain/usr/include/c++/v1]
  collapse include dir [/usr/local/include] ==> [/usr/local/include]
  collapse include dir [/Applications/Xcode.app/Contents/Developer/Toolchains/XcodeDefault.xctoolchain/usr/lib/clang/11.0.0/include] ==> [/Applications/Xcode.app/Contents/Developer/Toolchains/XcodeDefault.xctoolchain/usr/lib/clang/11.0.0/include]
  collapse include dir [/Applications/Xcode.app/Contents/Developer/Toolchains/XcodeDefault.xctoolchain/usr/include] ==> [/Applications/Xcode.app/Contents/Developer/Toolchains/XcodeDefault.xctoolchain/usr/include]
  collapse include dir [/usr/include] ==> [/usr/include]
  implicit include dirs: [/Applications/Xcode.app/Contents/Developer/Toolchains/XcodeDefault.xctoolchain/usr/include/c++/v1;/usr/local/include;/Applications/Xcode.app/Contents/Developer/Toolchains/XcodeDefault.xctoolchain/usr/lib/clang/11.0.0/include;/Applications/Xcode.app/Contents/Developer/Toolchains/XcodeDefault.xctoolchain/usr/include;/usr/include]


Parsed CXX implicit link information from above output:
  link line regex: [^( *|.*[/\])(ld|CMAKE_LINK_STARTFILE-NOTFOUND|([^/\]+-)?ld|collect2)[^/\]*( |$)]
  ignore line: [Change Dir: /Users/vincentsit/Documents/GitHub/libx265-android/x265/build/android/x86_64/CMakeFiles/CMakeTmp]
  ignore line: []
  ignore line: [Run Build Command(s):/usr/bin/make cmTC_242ff/fast && /Applications/Xcode.app/Contents/Developer/usr/bin/make -f CMakeFiles/cmTC_242ff.dir/build.make CMakeFiles/cmTC_242ff.dir/build]
  ignore line: [Building CXX object CMakeFiles/cmTC_242ff.dir/CMakeCXXCompilerABI.cpp.o]
  ignore line: [/Applications/Xcode.app/Contents/Developer/Toolchains/XcodeDefault.xctoolchain/usr/bin/c++    -v -Wl -v -o CMakeFiles/cmTC_242ff.dir/CMakeCXXCompilerABI.cpp.o -c /usr/local/Cellar/cmake/3.16.1/share/cmake/Modules/CMakeCXXCompilerABI.cpp]
  ignore line: [Apple clang version 11.0.0 (clang-1100.0.33.12)]
  ignore line: [Target: x86_64-apple-darwin18.7.0]
  ignore line: [Thread model: posix]
  ignore line: [InstalledDir: /Applications/Xcode.app/Contents/Developer/Toolchains/XcodeDefault.xctoolchain/usr/bin]
  ignore line: [clang: warning: -Wl -v: 'linker' input unused [-Wunused-command-line-argument]]
  ignore line: [ "/Applications/Xcode.app/Contents/Developer/Toolchains/XcodeDefault.xctoolchain/usr/bin/clang" -cc1 -triple x86_64-apple-macosx10.14.0 -Wdeprecated-objc-isa-usage -Werror=deprecated-objc-isa-usage -emit-obj -mrelax-all -disable-free -disable-llvm-verifier -discard-value-names -main-file-name CMakeCXXCompilerABI.cpp -mrelocation-model pic -pic-level 2 -mthread-model posix -mdisable-fp-elim -fno-strict-return -masm-verbose -munwind-tables -target-cpu penryn -dwarf-column-info -debugger-tuning=lldb -ggnu-pubnames -target-linker-version 520 -v -coverage-notes-file /Users/vincentsit/Documents/GitHub/libx265-android/x265/build/android/x86_64/CMakeFiles/CMakeTmp/CMakeFiles/cmTC_242ff.dir/CMakeCXXCompilerABI.cpp.gcno -resource-dir /Applications/Xcode.app/Contents/Developer/Toolchains/XcodeDefault.xctoolchain/usr/lib/clang/11.0.0 -stdlib=libc++ -internal-isystem /Applications/Xcode.app/Contents/Developer/Toolchains/XcodeDefault.xctoolchain/usr/bin/../include/c++/v1 -Wno-framework-include-private-from-public -Wno-atimport-in-framework-header -Wno-extra-semi-stmt -Wno-quoted-include-in-framework-header -fdeprecated-macro -fdebug-compilation-dir /Users/vincentsit/Documents/GitHub/libx265-android/x265/build/android/x86_64/CMakeFiles/CMakeTmp -ferror-limit 19 -fmessage-length 0 -stack-protector 1 -mdarwin-stkchk-strong-link -fblocks -fencode-extended-block-signature -fregister-global-dtors-with-atexit -fobjc-runtime=macosx-10.14.0 -fcxx-exceptions -fexceptions -fmax-type-align=16 -fdiagnostics-show-option -o CMakeFiles/cmTC_242ff.dir/CMakeCXXCompilerABI.cpp.o -x c++ /usr/local/Cellar/cmake/3.16.1/share/cmake/Modules/CMakeCXXCompilerABI.cpp]
  ignore line: [clang -cc1 version 11.0.0 (clang-1100.0.33.12) default target x86_64-apple-darwin18.7.0]
  ignore line: [ignoring nonexistent directory "/usr/include/c++/v1"]
  ignore line: [#include "..." search starts here:]
  ignore line: [#include <...> search starts here:]
  ignore line: [ /Applications/Xcode.app/Contents/Developer/Toolchains/XcodeDefault.xctoolchain/usr/bin/../include/c++/v1]
  ignore line: [ /usr/local/include]
  ignore line: [ /Applications/Xcode.app/Contents/Developer/Toolchains/XcodeDefault.xctoolchain/usr/lib/clang/11.0.0/include]
  ignore line: [ /Applications/Xcode.app/Contents/Developer/Toolchains/XcodeDefault.xctoolchain/usr/include]
  ignore line: [ /usr/include]
  ignore line: [ /System/Library/Frameworks (framework directory)]
  ignore line: [ /Library/Frameworks (framework directory)]
  ignore line: [End of search list.]
  ignore line: [Linking CXX executable cmTC_242ff]
  ignore line: [/usr/local/Cellar/cmake/3.16.1/bin/cmake -E cmake_link_script CMakeFiles/cmTC_242ff.dir/link.txt --verbose=1]
  ignore line: [/Applications/Xcode.app/Contents/Developer/Toolchains/XcodeDefault.xctoolchain/usr/bin/c++    -Wl -search_paths_first -Wl -headerpad_max_install_names -L/usr/local/opt/icu4c/lib -L/usr/local/opt/llvm/lib -L/usr/local/opt/llvm/lib -Wl -rpath /usr/local/opt/llvm/lib -L/usr/local/opt/libffi/lib -L/usr/local/opt/readline/lib -L/usr/local/opt/sqlite/lib -v -Wl -v CMakeFiles/cmTC_242ff.dir/CMakeCXXCompilerABI.cpp.o  -o cmTC_242ff ]
  ignore line: [Apple clang version 11.0.0 (clang-1100.0.33.12)]
  ignore line: [Target: x86_64-apple-darwin18.7.0]
  ignore line: [Thread model: posix]
  ignore line: [InstalledDir: /Applications/Xcode.app/Contents/Developer/Toolchains/XcodeDefault.xctoolchain/usr/bin]
  link line: [ "/Applications/Xcode.app/Contents/Developer/Toolchains/XcodeDefault.xctoolchain/usr/bin/ld" -demangle -lto_library /Applications/Xcode.app/Contents/Developer/Toolchains/XcodeDefault.xctoolchain/usr/lib/libLTO.dylib -dynamic -arch x86_64 -macosx_version_min 10.14.0 -o cmTC_242ff -L/usr/local/opt/icu4c/lib -L/usr/local/opt/llvm/lib -L/usr/local/opt/llvm/lib -L/usr/local/opt/libffi/lib -L/usr/local/opt/readline/lib -L/usr/local/opt/sqlite/lib -search_paths_first -headerpad_max_install_names -rpath /usr/local/opt/llvm/lib -v CMakeFiles/cmTC_242ff.dir/CMakeCXXCompilerABI.cpp.o -lc++ -lSystem /Applications/Xcode.app/Contents/Developer/Toolchains/XcodeDefault.xctoolchain/usr/lib/clang/11.0.0/lib/darwin/libclang_rt.osx.a]
    arg [/Applications/Xcode.app/Contents/Developer/Toolchains/XcodeDefault.xctoolchain/usr/bin/ld] ==> ignore
    arg [-demangle] ==> ignore
    arg [-lto_library] ==> ignore, skip following value
    arg [/Applications/Xcode.app/Contents/Developer/Toolchains/XcodeDefault.xctoolchain/usr/lib/libLTO.dylib] ==> skip value of -lto_library
    arg [-dynamic] ==> ignore
    arg [-arch] ==> ignore
    arg [x86_64] ==> ignore
    arg [-macosx_version_min] ==> ignore
    arg [10.14.0] ==> ignore
    arg [-o] ==> ignore
    arg [cmTC_242ff] ==> ignore
    arg [-L/usr/local/opt/icu4c/lib] ==> dir [/usr/local/opt/icu4c/lib]
    arg [-L/usr/local/opt/llvm/lib] ==> dir [/usr/local/opt/llvm/lib]
    arg [-L/usr/local/opt/llvm/lib] ==> dir [/usr/local/opt/llvm/lib]
    arg [-L/usr/local/opt/libffi/lib] ==> dir [/usr/local/opt/libffi/lib]
    arg [-L/usr/local/opt/readline/lib] ==> dir [/usr/local/opt/readline/lib]
    arg [-L/usr/local/opt/sqlite/lib] ==> dir [/usr/local/opt/sqlite/lib]
    arg [-search_paths_first] ==> ignore
    arg [-headerpad_max_install_names] ==> ignore
    arg [-rpath] ==> ignore
    arg [/usr/local/opt/llvm/lib] ==> ignore
    arg [-v] ==> ignore
    arg [CMakeFiles/cmTC_242ff.dir/CMakeCXXCompilerABI.cpp.o] ==> ignore
    arg [-lc++] ==> lib [c++]
    arg [-lSystem] ==> lib [System]
    arg [/Applications/Xcode.app/Contents/Developer/Toolchains/XcodeDefault.xctoolchain/usr/lib/clang/11.0.0/lib/darwin/libclang_rt.osx.a] ==> lib [/Applications/Xcode.app/Contents/Developer/Toolchains/XcodeDefault.xctoolchain/usr/lib/clang/11.0.0/lib/darwin/libclang_rt.osx.a]
  Library search paths: [;/usr/local/opt/icu4c/lib;/usr/local/opt/llvm/lib;/usr/local/opt/llvm/lib;/usr/local/opt/libffi/lib;/usr/local/opt/readline/lib;/usr/local/opt/sqlite/lib;/usr/lib;/usr/local/lib]
  Framework search paths: [;/Library/Frameworks/;/System/Library/Frameworks/]
  remove lib [System]
  remove lib [/Applications/Xcode.app/Contents/Developer/Toolchains/XcodeDefault.xctoolchain/usr/lib/clang/11.0.0/lib/darwin/libclang_rt.osx.a]
  collapse library dir [/usr/local/opt/icu4c/lib] ==> [/usr/local/opt/icu4c/lib]
  collapse library dir [/usr/local/opt/llvm/lib] ==> [/usr/local/opt/llvm/lib]
  collapse library dir [/usr/local/opt/llvm/lib] ==> [/usr/local/opt/llvm/lib]
  collapse library dir [/usr/local/opt/libffi/lib] ==> [/usr/local/opt/libffi/lib]
  collapse library dir [/usr/local/opt/readline/lib] ==> [/usr/local/opt/readline/lib]
  collapse library dir [/usr/local/opt/sqlite/lib] ==> [/usr/local/opt/sqlite/lib]
  collapse library dir [/usr/local/opt/icu4c/lib] ==> [/usr/local/opt/icu4c/lib]
  collapse library dir [/usr/local/opt/llvm/lib] ==> [/usr/local/opt/llvm/lib]
  collapse library dir [/usr/local/opt/llvm/lib] ==> [/usr/local/opt/llvm/lib]
  collapse library dir [/usr/local/opt/libffi/lib] ==> [/usr/local/opt/libffi/lib]
  collapse library dir [/usr/local/opt/readline/lib] ==> [/usr/local/opt/readline/lib]
  collapse library dir [/usr/local/opt/sqlite/lib] ==> [/usr/local/opt/sqlite/lib]
  collapse library dir [/usr/lib] ==> [/usr/lib]
  collapse library dir [/usr/local/lib] ==> [/usr/local/lib]
  collapse framework dir [/Library/Frameworks/] ==> [/Library/Frameworks]
  collapse framework dir [/System/Library/Frameworks/] ==> [/System/Library/Frameworks]
  implicit libs: [c++]
  implicit dirs: [/usr/local/opt/icu4c/lib;/usr/local/opt/llvm/lib;/usr/local/opt/libffi/lib;/usr/local/opt/readline/lib;/usr/local/opt/sqlite/lib;/usr/lib;/usr/local/lib]
  implicit fwks: [/Library/Frameworks;/System/Library/Frameworks]


Determining if files inttypes.h exist passed with the following output:
Change Dir: /Users/vincentsit/Documents/GitHub/libx265-android/x265/build/android/x86_64/CMakeFiles/CMakeTmp

Run Build Command(s):/usr/bin/make cmTC_4185a/fast && /Applications/Xcode.app/Contents/Developer/usr/bin/make -f CMakeFiles/cmTC_4185a.dir/build.make CMakeFiles/cmTC_4185a.dir/build
Building C object CMakeFiles/cmTC_4185a.dir/HAVE_INT_TYPES_H.c.o
/Applications/Xcode.app/Contents/Developer/Toolchains/XcodeDefault.xctoolchain/usr/bin/cc    -o CMakeFiles/cmTC_4185a.dir/HAVE_INT_TYPES_H.c.o   -c /Users/vincentsit/Documents/GitHub/libx265-android/x265/build/android/x86_64/CMakeFiles/CheckIncludeFiles/HAVE_INT_TYPES_H.c
Linking C executable cmTC_4185a
/usr/local/Cellar/cmake/3.16.1/bin/cmake -E cmake_link_script CMakeFiles/cmTC_4185a.dir/link.txt --verbose=1
/Applications/Xcode.app/Contents/Developer/Toolchains/XcodeDefault.xctoolchain/usr/bin/cc   -Wl,-search_paths_first -Wl,-headerpad_max_install_names -L/usr/local/opt/icu4c/lib -L/usr/local/opt/llvm/lib -L/usr/local/opt/llvm/lib -Wl,-rpath,/usr/local/opt/llvm/lib -L/usr/local/opt/libffi/lib -L/usr/local/opt/readline/lib -L/usr/local/opt/sqlite/lib  CMakeFiles/cmTC_4185a.dir/HAVE_INT_TYPES_H.c.o  -o cmTC_4185a 



Performing C++ SOURCE FILE Test CC_HAS_NO_STRICT_OVERFLOW succeeded with the following output:
Change Dir: /Users/vincentsit/Documents/GitHub/libx265-android/x265/build/android/x86_64/CMakeFiles/CMakeTmp

Run Build Command(s):/usr/bin/make cmTC_1948e/fast && /Applications/Xcode.app/Contents/Developer/usr/bin/make -f CMakeFiles/cmTC_1948e.dir/build.make CMakeFiles/cmTC_1948e.dir/build
Building CXX object CMakeFiles/cmTC_1948e.dir/src.cxx.o
/Applications/Xcode.app/Contents/Developer/Toolchains/XcodeDefault.xctoolchain/usr/bin/c++    -DCC_HAS_NO_STRICT_OVERFLOW   -Wno-strict-overflow -o CMakeFiles/cmTC_1948e.dir/src.cxx.o -c /Users/vincentsit/Documents/GitHub/libx265-android/x265/build/android/x86_64/CMakeFiles/CMakeTmp/src.cxx
Linking CXX executable cmTC_1948e
/usr/local/Cellar/cmake/3.16.1/bin/cmake -E cmake_link_script CMakeFiles/cmTC_1948e.dir/link.txt --verbose=1
/Applications/Xcode.app/Contents/Developer/Toolchains/XcodeDefault.xctoolchain/usr/bin/c++   -DCC_HAS_NO_STRICT_OVERFLOW -Wl,-search_paths_first -Wl,-headerpad_max_install_names -L/usr/local/opt/icu4c/lib -L/usr/local/opt/llvm/lib -L/usr/local/opt/llvm/lib -Wl,-rpath,/usr/local/opt/llvm/lib -L/usr/local/opt/libffi/lib -L/usr/local/opt/readline/lib -L/usr/local/opt/sqlite/lib  CMakeFiles/cmTC_1948e.dir/src.cxx.o  -o cmTC_1948e 


Source file was:
int main() { return 0; }
Performing C++ SOURCE FILE Test CC_HAS_NO_NARROWING succeeded with the following output:
Change Dir: /Users/vincentsit/Documents/GitHub/libx265-android/x265/build/android/x86_64/CMakeFiles/CMakeTmp

Run Build Command(s):/usr/bin/make cmTC_5b8a3/fast && /Applications/Xcode.app/Contents/Developer/usr/bin/make -f CMakeFiles/cmTC_5b8a3.dir/build.make CMakeFiles/cmTC_5b8a3.dir/build
Building CXX object CMakeFiles/cmTC_5b8a3.dir/src.cxx.o
/Applications/Xcode.app/Contents/Developer/Toolchains/XcodeDefault.xctoolchain/usr/bin/c++    -DCC_HAS_NO_NARROWING   -Wno-narrowing -o CMakeFiles/cmTC_5b8a3.dir/src.cxx.o -c /Users/vincentsit/Documents/GitHub/libx265-android/x265/build/android/x86_64/CMakeFiles/CMakeTmp/src.cxx
Linking CXX executable cmTC_5b8a3
/usr/local/Cellar/cmake/3.16.1/bin/cmake -E cmake_link_script CMakeFiles/cmTC_5b8a3.dir/link.txt --verbose=1
/Applications/Xcode.app/Contents/Developer/Toolchains/XcodeDefault.xctoolchain/usr/bin/c++   -DCC_HAS_NO_NARROWING -Wl,-search_paths_first -Wl,-headerpad_max_install_names -L/usr/local/opt/icu4c/lib -L/usr/local/opt/llvm/lib -L/usr/local/opt/llvm/lib -Wl,-rpath,/usr/local/opt/llvm/lib -L/usr/local/opt/libffi/lib -L/usr/local/opt/readline/lib -L/usr/local/opt/sqlite/lib  CMakeFiles/cmTC_5b8a3.dir/src.cxx.o  -o cmTC_5b8a3 


Source file was:
int main() { return 0; }
Performing C++ SOURCE FILE Test CC_HAS_NO_ARRAY_BOUNDS succeeded with the following output:
Change Dir: /Users/vincentsit/Documents/GitHub/libx265-android/x265/build/android/x86_64/CMakeFiles/CMakeTmp

Run Build Command(s):/usr/bin/make cmTC_45bbc/fast && /Applications/Xcode.app/Contents/Developer/usr/bin/make -f CMakeFiles/cmTC_45bbc.dir/build.make CMakeFiles/cmTC_45bbc.dir/build
Building CXX object CMakeFiles/cmTC_45bbc.dir/src.cxx.o
/Applications/Xcode.app/Contents/Developer/Toolchains/XcodeDefault.xctoolchain/usr/bin/c++    -DCC_HAS_NO_ARRAY_BOUNDS   -Wno-array-bounds -o CMakeFiles/cmTC_45bbc.dir/src.cxx.o -c /Users/vincentsit/Documents/GitHub/libx265-android/x265/build/android/x86_64/CMakeFiles/CMakeTmp/src.cxx
Linking CXX executable cmTC_45bbc
/usr/local/Cellar/cmake/3.16.1/bin/cmake -E cmake_link_script CMakeFiles/cmTC_45bbc.dir/link.txt --verbose=1
/Applications/Xcode.app/Contents/Developer/Toolchains/XcodeDefault.xctoolchain/usr/bin/c++   -DCC_HAS_NO_ARRAY_BOUNDS -Wl,-search_paths_first -Wl,-headerpad_max_install_names -L/usr/local/opt/icu4c/lib -L/usr/local/opt/llvm/lib -L/usr/local/opt/llvm/lib -Wl,-rpath,/usr/local/opt/llvm/lib -L/usr/local/opt/libffi/lib -L/usr/local/opt/readline/lib -L/usr/local/opt/sqlite/lib  CMakeFiles/cmTC_45bbc.dir/src.cxx.o  -o cmTC_45bbc 


Source file was:
int main() { return 0; }
Performing C++ SOURCE FILE Test CC_HAS_FAST_MATH succeeded with the following output:
Change Dir: /Users/vincentsit/Documents/GitHub/libx265-android/x265/build/android/x86_64/CMakeFiles/CMakeTmp

Run Build Command(s):/usr/bin/make cmTC_52c37/fast && /Applications/Xcode.app/Contents/Developer/usr/bin/make -f CMakeFiles/cmTC_52c37.dir/build.make CMakeFiles/cmTC_52c37.dir/build
Building CXX object CMakeFiles/cmTC_52c37.dir/src.cxx.o
/Applications/Xcode.app/Contents/Developer/Toolchains/XcodeDefault.xctoolchain/usr/bin/c++    -DCC_HAS_FAST_MATH   -ffast-math -o CMakeFiles/cmTC_52c37.dir/src.cxx.o -c /Users/vincentsit/Documents/GitHub/libx265-android/x265/build/android/x86_64/CMakeFiles/CMakeTmp/src.cxx
Linking CXX executable cmTC_52c37
/usr/local/Cellar/cmake/3.16.1/bin/cmake -E cmake_link_script CMakeFiles/cmTC_52c37.dir/link.txt --verbose=1
/Applications/Xcode.app/Contents/Developer/Toolchains/XcodeDefault.xctoolchain/usr/bin/c++   -DCC_HAS_FAST_MATH -Wl,-search_paths_first -Wl,-headerpad_max_install_names -L/usr/local/opt/icu4c/lib -L/usr/local/opt/llvm/lib -L/usr/local/opt/llvm/lib -Wl,-rpath,/usr/local/opt/llvm/lib -L/usr/local/opt/libffi/lib -L/usr/local/opt/readline/lib -L/usr/local/opt/sqlite/lib  CMakeFiles/cmTC_52c37.dir/src.cxx.o  -o cmTC_52c37 


Source file was:
int main() { return 0; }
Performing C++ SOURCE FILE Test CC_HAS_STACK_REALIGN succeeded with the following output:
Change Dir: /Users/vincentsit/Documents/GitHub/libx265-android/x265/build/android/x86_64/CMakeFiles/CMakeTmp

Run Build Command(s):/usr/bin/make cmTC_e31a5/fast && /Applications/Xcode.app/Contents/Developer/usr/bin/make -f CMakeFiles/cmTC_e31a5.dir/build.make CMakeFiles/cmTC_e31a5.dir/build
Building CXX object CMakeFiles/cmTC_e31a5.dir/src.cxx.o
/Applications/Xcode.app/Contents/Developer/Toolchains/XcodeDefault.xctoolchain/usr/bin/c++    -DCC_HAS_STACK_REALIGN   -mstackrealign -o CMakeFiles/cmTC_e31a5.dir/src.cxx.o -c /Users/vincentsit/Documents/GitHub/libx265-android/x265/build/android/x86_64/CMakeFiles/CMakeTmp/src.cxx
Linking CXX executable cmTC_e31a5
/usr/local/Cellar/cmake/3.16.1/bin/cmake -E cmake_link_script CMakeFiles/cmTC_e31a5.dir/link.txt --verbose=1
/Applications/Xcode.app/Contents/Developer/Toolchains/XcodeDefault.xctoolchain/usr/bin/c++   -DCC_HAS_STACK_REALIGN -Wl,-search_paths_first -Wl,-headerpad_max_install_names -L/usr/local/opt/icu4c/lib -L/usr/local/opt/llvm/lib -L/usr/local/opt/llvm/lib -Wl,-rpath,/usr/local/opt/llvm/lib -L/usr/local/opt/libffi/lib -L/usr/local/opt/readline/lib -L/usr/local/opt/sqlite/lib  CMakeFiles/cmTC_e31a5.dir/src.cxx.o  -o cmTC_e31a5 


Source file was:
int main() { return 0; }
Performing C++ SOURCE FILE Test CC_HAS_FNO_EXCEPTIONS_FLAG succeeded with the following output:
Change Dir: /Users/vincentsit/Documents/GitHub/libx265-android/x265/build/android/x86_64/CMakeFiles/CMakeTmp

Run Build Command(s):/usr/bin/make cmTC_67c0a/fast && /Applications/Xcode.app/Contents/Developer/usr/bin/make -f CMakeFiles/cmTC_67c0a.dir/build.make CMakeFiles/cmTC_67c0a.dir/build
Building CXX object CMakeFiles/cmTC_67c0a.dir/src.cxx.o
/Applications/Xcode.app/Contents/Developer/Toolchains/XcodeDefault.xctoolchain/usr/bin/c++    -DCC_HAS_FNO_EXCEPTIONS_FLAG   -fno-exceptions -o CMakeFiles/cmTC_67c0a.dir/src.cxx.o -c /Users/vincentsit/Documents/GitHub/libx265-android/x265/build/android/x86_64/CMakeFiles/CMakeTmp/src.cxx
Linking CXX executable cmTC_67c0a
/usr/local/Cellar/cmake/3.16.1/bin/cmake -E cmake_link_script CMakeFiles/cmTC_67c0a.dir/link.txt --verbose=1
/Applications/Xcode.app/Contents/Developer/Toolchains/XcodeDefault.xctoolchain/usr/bin/c++   -DCC_HAS_FNO_EXCEPTIONS_FLAG -Wl,-search_paths_first -Wl,-headerpad_max_install_names -L/usr/local/opt/icu4c/lib -L/usr/local/opt/llvm/lib -L/usr/local/opt/llvm/lib -Wl,-rpath,/usr/local/opt/llvm/lib -L/usr/local/opt/libffi/lib -L/usr/local/opt/readline/lib -L/usr/local/opt/sqlite/lib  CMakeFiles/cmTC_67c0a.dir/src.cxx.o  -o cmTC_67c0a 


Source file was:
int main() { return 0; }
Determining if the strtok_r exist passed with the following output:
Change Dir: /Users/vincentsit/Documents/GitHub/libx265-android/x265/build/android/x86_64/CMakeFiles/CMakeTmp

Run Build Command(s):/usr/bin/make cmTC_7e5cb/fast && /Applications/Xcode.app/Contents/Developer/usr/bin/make -f CMakeFiles/cmTC_7e5cb.dir/build.make CMakeFiles/cmTC_7e5cb.dir/build
Building C object CMakeFiles/cmTC_7e5cb.dir/CheckSymbolExists.c.o
/Applications/Xcode.app/Contents/Developer/Toolchains/XcodeDefault.xctoolchain/usr/bin/cc    -o CMakeFiles/cmTC_7e5cb.dir/CheckSymbolExists.c.o   -c /Users/vincentsit/Documents/GitHub/libx265-android/x265/build/android/x86_64/CMakeFiles/CMakeTmp/CheckSymbolExists.c
Linking C executable cmTC_7e5cb
/usr/local/Cellar/cmake/3.16.1/bin/cmake -E cmake_link_script CMakeFiles/cmTC_7e5cb.dir/link.txt --verbose=1
/Applications/Xcode.app/Contents/Developer/Toolchains/XcodeDefault.xctoolchain/usr/bin/cc   -Wl,-search_paths_first -Wl,-headerpad_max_install_names -L/usr/local/opt/icu4c/lib -L/usr/local/opt/llvm/lib -L/usr/local/opt/llvm/lib -Wl,-rpath,/usr/local/opt/llvm/lib -L/usr/local/opt/libffi/lib -L/usr/local/opt/readline/lib -L/usr/local/opt/sqlite/lib  CMakeFiles/cmTC_7e5cb.dir/CheckSymbolExists.c.o  -o cmTC_7e5cb 


File /Users/vincentsit/Documents/GitHub/libx265-android/x265/build/android/x86_64/CMakeFiles/CMakeTmp/CheckSymbolExists.c:
/* */
#include <string.h>

int main(int argc, char** argv)
{
  (void)argv;
#ifndef strtok_r
  return ((int*)(&strtok_r))[argc];
#else
  (void)argc;
  return 0;
#endif
}
Determining if files getopt.h exist passed with the following output:
Change Dir: /Users/vincentsit/Documents/GitHub/libx265-android/x265/build/android/x86_64/CMakeFiles/CMakeTmp

Run Build Command(s):/usr/bin/make cmTC_54d4c/fast && /Applications/Xcode.app/Contents/Developer/usr/bin/make -f CMakeFiles/cmTC_54d4c.dir/build.make CMakeFiles/cmTC_54d4c.dir/build
Building C object CMakeFiles/cmTC_54d4c.dir/HAVE_GETOPT_H.c.o
/Applications/Xcode.app/Contents/Developer/Toolchains/XcodeDefault.xctoolchain/usr/bin/cc    -o CMakeFiles/cmTC_54d4c.dir/HAVE_GETOPT_H.c.o   -c /Users/vincentsit/Documents/GitHub/libx265-android/x265/build/android/x86_64/CMakeFiles/CheckIncludeFiles/HAVE_GETOPT_H.c
Linking C executable cmTC_54d4c
/usr/local/Cellar/cmake/3.16.1/bin/cmake -E cmake_link_script CMakeFiles/cmTC_54d4c.dir/link.txt --verbose=1
/Applications/Xcode.app/Contents/Developer/Toolchains/XcodeDefault.xctoolchain/usr/bin/cc   -Wl,-search_paths_first -Wl,-headerpad_max_install_names -L/usr/local/opt/icu4c/lib -L/usr/local/opt/llvm/lib -L/usr/local/opt/llvm/lib -Wl,-rpath,/usr/local/opt/llvm/lib -L/usr/local/opt/libffi/lib -L/usr/local/opt/readline/lib -L/usr/local/opt/sqlite/lib  CMakeFiles/cmTC_54d4c.dir/HAVE_GETOPT_H.c.o  -o cmTC_54d4c 



